<?xml version='1.0' encoding='UTF-8'?>
<testsuite hostname="sunakawameguminoMacBook-Pro.local" name="fix.RuleSuite" tests="1" errors="0" failures="1" skipped="0" time="0.494" timestamp="2020-02-11T18:54:00">
                     <properties>
[...]
</properties>
                     <testcase classname="fix.RuleSuite" name="scala" time="0.494">
                                                 <failure message="see above" type="org.scalatest.exceptions.TestFailedException">org.scalatest.exceptions.TestFailedException: see above
	at scalafix.testkit.SemanticRuleSuite.evaluateTestBody(SemanticRuleSuite.scala:88)
	at scalafix.testkit.SemanticRuleSuite.$anonfun$runOn$1(SemanticRuleSuite.scala:94)
	at scala.runtime.java8.JFunction0$mcV$sp.apply(JFunction0$mcV$sp.java:23)
	at org.scalatest.OutcomeOf.outcomeOf(OutcomeOf.scala:85)
	at org.scalatest.OutcomeOf.outcomeOf$(OutcomeOf.scala:83)
	at org.scalatest.OutcomeOf$.outcomeOf(OutcomeOf.scala:104)
	at org.scalatest.Transformer.apply(Transformer.scala:22)
	at org.scalatest.Transformer.apply(Transformer.scala:20)
	at org.scalatest.FunSuiteLike$$anon$1.apply(FunSuiteLike.scala:186)
	at org.scalatest.TestSuite.withFixture(TestSuite.scala:196)
	at org.scalatest.TestSuite.withFixture$(TestSuite.scala:195)
	at org.scalatest.FunSuite.withFixture(FunSuite.scala:1560)
	at org.scalatest.FunSuiteLike.invokeWithFixture$1(FunSuiteLike.scala:184)
	at org.scalatest.FunSuiteLike.$anonfun$runTest$1(FunSuiteLike.scala:196)
	at org.scalatest.SuperEngine.runTestImpl(Engine.scala:286)
	at org.scalatest.FunSuiteLike.runTest(FunSuiteLike.scala:196)
	at org.scalatest.FunSuiteLike.runTest$(FunSuiteLike.scala:178)
	at org.scalatest.FunSuite.runTest(FunSuite.scala:1560)
	at org.scalatest.FunSuiteLike.$anonfun$runTests$1(FunSuiteLike.scala:229)
	at org.scalatest.SuperEngine.$anonfun$runTestsInBranch$1(Engine.scala:393)
	at scala.collection.immutable.List.foreach(List.scala:392)
	at org.scalatest.SuperEngine.traverseSubNodes$1(Engine.scala:381)
	at org.scalatest.SuperEngine.runTestsInBranch(Engine.scala:376)
	at org.scalatest.SuperEngine.runTestsImpl(Engine.scala:458)
	at org.scalatest.FunSuiteLike.runTests(FunSuiteLike.scala:229)
	at org.scalatest.FunSuiteLike.runTests$(FunSuiteLike.scala:228)
	at org.scalatest.FunSuite.runTests(FunSuite.scala:1560)
	at org.scalatest.Suite.run(Suite.scala:1124)
	at org.scalatest.Suite.run$(Suite.scala:1106)
	at org.scalatest.FunSuite.org$scalatest$FunSuiteLike$$super$run(FunSuite.scala:1560)
	at org.scalatest.FunSuiteLike.$anonfun$run$1(FunSuiteLike.scala:233)
	at org.scalatest.SuperEngine.runImpl(Engine.scala:518)
	at org.scalatest.FunSuiteLike.run(FunSuiteLike.scala:233)
	at org.scalatest.FunSuiteLike.run$(FunSuiteLike.scala:232)
	at scalafix.testkit.SemanticRuleSuite.org$scalatest$BeforeAndAfterAll$$super$run(SemanticRuleSuite.scala:19)
	at org.scalatest.BeforeAndAfterAll.liftedTree1$1(BeforeAndAfterAll.scala:213)
	at org.scalatest.BeforeAndAfterAll.run(BeforeAndAfterAll.scala:210)
	at org.scalatest.BeforeAndAfterAll.run$(BeforeAndAfterAll.scala:208)
	at scalafix.testkit.SemanticRuleSuite.run(SemanticRuleSuite.scala:19)
	at org.scalatest.tools.Framework.org$scalatest$tools$Framework$$runSuite(Framework.scala:317)
	at org.scalatest.tools.Framework$ScalaTestTask.execute(Framework.scala:510)
	at sbt.TestRunner.runTest$1(TestFramework.scala:139)
	at sbt.TestRunner.run(TestFramework.scala:154)
	at sbt.TestFramework$$anon$3$$anonfun$$lessinit$greater$1.$anonfun$apply$1(TestFramework.scala:317)
	at sbt.TestFramework$.sbt$TestFramework$$withContextLoader(TestFramework.scala:277)
	at sbt.TestFramework$$anon$3$$anonfun$$lessinit$greater$1.apply(TestFramework.scala:317)
	at sbt.TestFramework$$anon$3$$anonfun$$lessinit$greater$1.apply(TestFramework.scala:317)
	at sbt.TestFunction.apply(TestFramework.scala:329)
	at sbt.Tests$.$anonfun$toTask$1(Tests.scala:311)
	at sbt.std.Transform$$anon$3.$anonfun$apply$2(Transform.scala:46)
	at sbt.std.Transform$$anon$4.work(Transform.scala:67)
	at sbt.Execute.$anonfun$submit$2(Execute.scala:281)
	at sbt.internal.util.ErrorHandling$.wideConvert(ErrorHandling.scala:19)
	at sbt.Execute.work(Execute.scala:290)
	at sbt.Execute.$anonfun$submit$1(Execute.scala:281)
	at sbt.ConcurrentRestrictions$$anon$4.$anonfun$submitValid$1(ConcurrentRestrictions.scala:178)
	at sbt.CompletionService$$anon$2.call(CompletionService.scala:37)
	at java.util.concurrent.FutureTask.run(FutureTask.java:266)
	at java.util.concurrent.Executors$RunnableAdapter.call(Executors.java:511)
	at java.util.concurrent.FutureTask.run(FutureTask.java:266)
	at java.util.concurrent.ThreadPoolExecutor.runWorker(ThreadPoolExecutor.java:1142)
	at java.util.concurrent.ThreadPoolExecutor$Worker.run(ThreadPoolExecutor.java:617)
	at java.lang.Thread.run(Thread.java:745)
</failure>
                                               </testcase>
                     <system-out><![CDATA[]]></system-out>
                     <system-err><![CDATA[]]></system-err>
                   </testsuite>